[05-Nov-2020 11:17:10 UTC] PHP Warning:  An unexpected error occurred. Something may be wrong with WordPress.org or this server&#8217;s configuration. If you continue to have problems, please try the <a href="https://wordpress.org/support/forums/">support forums</a>. (WordPress could not establish a secure connection to WordPress.org. Please contact your server administrator.) in C:\Users\Donnie\Local Sites\slutty-urbanism\app\public\wp-admin\includes\translation-install.php on line 68
[05-Nov-2020 11:17:11 UTC] PHP Stack trace:
[05-Nov-2020 11:17:11 UTC] PHP   1. {main}() C:\Users\Donnie\Local Sites\slutty-urbanism\app\public\wp-admin\options-general.php:0
[05-Nov-2020 11:17:11 UTC] PHP   2. wp_get_available_translations() C:\Users\Donnie\Local Sites\slutty-urbanism\app\public\wp-admin\options-general.php:159
[05-Nov-2020 11:17:11 UTC] PHP   3. translations_api() C:\Users\Donnie\Local Sites\slutty-urbanism\app\public\wp-admin\includes\translation-install.php:133
[05-Nov-2020 11:17:11 UTC] PHP   4. trigger_error() C:\Users\Donnie\Local Sites\slutty-urbanism\app\public\wp-admin\includes\translation-install.php:68
[05-Nov-2020 11:17:23 UTC] PHP Warning:  An unexpected error occurred. Something may be wrong with WordPress.org or this server&#8217;s configuration. If you continue to have problems, please try the <a href="https://wordpress.org/support/forums/">support forums</a>. (WordPress could not establish a secure connection to WordPress.org. Please contact your server administrator.) in C:\Users\Donnie\Local Sites\slutty-urbanism\app\public\wp-admin\includes\translation-install.php on line 68
[05-Nov-2020 11:17:23 UTC] PHP Stack trace:
[05-Nov-2020 11:17:23 UTC] PHP   1. {main}() C:\Users\Donnie\Local Sites\slutty-urbanism\app\public\wp-admin\options-general.php:0
[05-Nov-2020 11:17:23 UTC] PHP   2. wp_get_available_translations() C:\Users\Donnie\Local Sites\slutty-urbanism\app\public\wp-admin\options-general.php:159
[05-Nov-2020 11:17:23 UTC] PHP   3. translations_api() C:\Users\Donnie\Local Sites\slutty-urbanism\app\public\wp-admin\includes\translation-install.php:133
[05-Nov-2020 11:17:23 UTC] PHP   4. trigger_error() C:\Users\Donnie\Local Sites\slutty-urbanism\app\public\wp-admin\includes\translation-install.php:68
[07-Nov-2020 11:25:42 UTC] PHP Warning:  Failed loading Zend extension 'php_opcache.dll' (tried: C:/Users/Donnie/AppData/Local/Programs/Local/resources/extraResources/lightning-services/php-7.3.5+8/bin/win64/ext\php_opcache.dll (The specified module could not be found.), C:/Users/Donnie/AppData/Local/Programs/Local/resources/extraResources/lightning-services/php-7.3.5+8/bin/win64/ext\php_php_opcache.dll.dll (The specified module could not be found.)) in Unknown on line 0
[07-Nov-2020 11:25:42 UTC] PHP Warning:  Failed loading Zend extension 'php_opcache.dll' (tried: C:/Users/Donnie/AppData/Local/Programs/Local/resources/extraResources/lightning-services/php-7.3.5+8/bin/win64/ext\php_opcache.dll (The specified module could not be found.), C:/Users/Donnie/AppData/Local/Programs/Local/resources/extraResources/lightning-services/php-7.3.5+8/bin/win64/ext\php_php_opcache.dll.dll (The specified module could not be found.)) in Unknown on line 0
[07-Nov-2020 11:25:42 UTC] PHP Warning:  Failed loading Zend extension 'php_xdebug.dll' (tried: C:/Users/Donnie/AppData/Local/Programs/Local/resources/extraResources/lightning-services/php-7.3.5+8/bin/win64/ext\php_xdebug.dll (The specified module could not be found.), C:/Users/Donnie/AppData/Local/Programs/Local/resources/extraResources/lightning-services/php-7.3.5+8/bin/win64/ext\php_php_xdebug.dll.dll (The specified module could not be found.)) in Unknown on line 0
[07-Nov-2020 11:25:42 UTC] PHP Warning:  Failed loading Zend extension 'php_xdebug.dll' (tried: C:/Users/Donnie/AppData/Local/Programs/Local/resources/extraResources/lightning-services/php-7.3.5+8/bin/win64/ext\php_xdebug.dll (The specified module could not be found.), C:/Users/Donnie/AppData/Local/Programs/Local/resources/extraResources/lightning-services/php-7.3.5+8/bin/win64/ext\php_php_xdebug.dll.dll (The specified module could not be found.)) in Unknown on line 0
[07-Nov-2020 11:25:42 UTC] PHP Warning:  PHP Startup: Unable to load dynamic library 'php_curl.dll' (tried: C:/Users/Donnie/AppData/Local/Programs/Local/resources/extraResources/lightning-services/php-7.3.5+8/bin/win64/ext\php_curl.dll (The specified module could not be found.), C:/Users/Donnie/AppData/Local/Programs/Local/resources/extraResources/lightning-services/php-7.3.5+8/bin/win64/ext\php_php_curl.dll.dll (The specified module could not be found.)) in Unknown on line 0
[07-Nov-2020 11:25:42 UTC] PHP Warning:  PHP Startup: Unable to load dynamic library 'php_curl.dll' (tried: C:/Users/Donnie/AppData/Local/Programs/Local/resources/extraResources/lightning-services/php-7.3.5+8/bin/win64/ext\php_curl.dll (The specified module could not be found.), C:/Users/Donnie/AppData/Local/Programs/Local/resources/extraResources/lightning-services/php-7.3.5+8/bin/win64/ext\php_php_curl.dll.dll (The specified module could not be found.)) in Unknown on line 0
[07-Nov-2020 11:25:42 UTC] PHP Warning:  PHP Startup: Unable to load dynamic library 'php_gettext.dll' (tried: C:/Users/Donnie/AppData/Local/Programs/Local/resources/extraResources/lightning-services/php-7.3.5+8/bin/win64/ext\php_gettext.dll (The specified module could not be found.), C:/Users/Donnie/AppData/Local/Programs/Local/resources/extraResources/lightning-services/php-7.3.5+8/bin/win64/ext\php_php_gettext.dll.dll (The specified module could not be found.)) in Unknown on line 0
[07-Nov-2020 11:25:42 UTC] PHP Warning:  PHP Startup: Unable to load dynamic library 'php_gettext.dll' (tried: C:/Users/Donnie/AppData/Local/Programs/Local/resources/extraResources/lightning-services/php-7.3.5+8/bin/win64/ext\php_gettext.dll (The specified module could not be found.), C:/Users/Donnie/AppData/Local/Programs/Local/resources/extraResources/lightning-services/php-7.3.5+8/bin/win64/ext\php_php_gettext.dll.dll (The specified module could not be found.)) in Unknown on line 0
[07-Nov-2020 11:25:42 UTC] PHP Warning:  PHP Startup: Unable to load dynamic library 'php_openssl.dll' (tried: C:/Users/Donnie/AppData/Local/Programs/Local/resources/extraResources/lightning-services/php-7.3.5+8/bin/win64/ext\php_openssl.dll (The specified module could not be found.), C:/Users/Donnie/AppData/Local/Programs/Local/resources/extraResources/lightning-services/php-7.3.5+8/bin/win64/ext\php_php_openssl.dll.dll (The specified module could not be found.)) in Unknown on line 0
[07-Nov-2020 11:25:42 UTC] PHP Warning:  PHP Startup: Unable to load dynamic library 'php_openssl.dll' (tried: C:/Users/Donnie/AppData/Local/Programs/Local/resources/extraResources/lightning-services/php-7.3.5+8/bin/win64/ext\php_openssl.dll (The specified module could not be found.), C:/Users/Donnie/AppData/Local/Programs/Local/resources/extraResources/lightning-services/php-7.3.5+8/bin/win64/ext\php_php_openssl.dll.dll (The specified module could not be found.)) in Unknown on line 0
[07-Nov-2020 11:25:42 UTC] PHP Warning:  PHP Startup: Unable to load dynamic library 'php_exif.dll' (tried: C:/Users/Donnie/AppData/Local/Programs/Local/resources/extraResources/lightning-services/php-7.3.5+8/bin/win64/ext\php_exif.dll (The specified module could not be found.), C:/Users/Donnie/AppData/Local/Programs/Local/resources/extraResources/lightning-services/php-7.3.5+8/bin/win64/ext\php_php_exif.dll.dll (The specified module could not be found.)) in Unknown on line 0
[07-Nov-2020 11:25:42 UTC] PHP Warning:  PHP Startup: Unable to load dynamic library 'php_exif.dll' (tried: C:/Users/Donnie/AppData/Local/Programs/Local/resources/extraResources/lightning-services/php-7.3.5+8/bin/win64/ext\php_exif.dll (The specified module could not be found.), C:/Users/Donnie/AppData/Local/Programs/Local/resources/extraResources/lightning-services/php-7.3.5+8/bin/win64/ext\php_php_exif.dll.dll (The specified module could not be found.)) in Unknown on line 0
[07-Nov-2020 11:25:42 UTC] PHP Warning:  PHP Startup: Unable to load dynamic library 'php_gd2.dll' (tried: C:/Users/Donnie/AppData/Local/Programs/Local/resources/extraResources/lightning-services/php-7.3.5+8/bin/win64/ext\php_gd2.dll (The specified module could not be found.), C:/Users/Donnie/AppData/Local/Programs/Local/resources/extraResources/lightning-services/php-7.3.5+8/bin/win64/ext\php_php_gd2.dll.dll (The specified module could not be found.)) in Unknown on line 0
[07-Nov-2020 11:25:42 UTC] PHP Warning:  PHP Startup: Unable to load dynamic library 'php_gd2.dll' (tried: C:/Users/Donnie/AppData/Local/Programs/Local/resources/extraResources/lightning-services/php-7.3.5+8/bin/win64/ext\php_gd2.dll (The specified module could not be found.), C:/Users/Donnie/AppData/Local/Programs/Local/resources/extraResources/lightning-services/php-7.3.5+8/bin/win64/ext\php_php_gd2.dll.dll (The specified module could not be found.)) in Unknown on line 0
[07-Nov-2020 11:25:42 UTC] PHP Warning:  PHP Startup: Unable to load dynamic library 'php_ftp.dll' (tried: C:/Users/Donnie/AppData/Local/Programs/Local/resources/extraResources/lightning-services/php-7.3.5+8/bin/win64/ext\php_ftp.dll (The specified module could not be found.), C:/Users/Donnie/AppData/Local/Programs/Local/resources/extraResources/lightning-services/php-7.3.5+8/bin/win64/ext\php_php_ftp.dll.dll (The specified module could not be found.)) in Unknown on line 0
[07-Nov-2020 11:25:42 UTC] PHP Warning:  PHP Startup: Unable to load dynamic library 'php_ftp.dll' (tried: C:/Users/Donnie/AppData/Local/Programs/Local/resources/extraResources/lightning-services/php-7.3.5+8/bin/win64/ext\php_ftp.dll (The specified module could not be found.), C:/Users/Donnie/AppData/Local/Programs/Local/resources/extraResources/lightning-services/php-7.3.5+8/bin/win64/ext\php_php_ftp.dll.dll (The specified module could not be found.)) in Unknown on line 0
[07-Nov-2020 11:25:42 UTC] PHP Warning:  PHP Startup: Unable to load dynamic library 'php_imap.dll' (tried: C:/Users/Donnie/AppData/Local/Programs/Local/resources/extraResources/lightning-services/php-7.3.5+8/bin/win64/ext\php_imap.dll (The specified module could not be found.), C:/Users/Donnie/AppData/Local/Programs/Local/resources/extraResources/lightning-services/php-7.3.5+8/bin/win64/ext\php_php_imap.dll.dll (The specified module could not be found.)) in Unknown on line 0
[07-Nov-2020 11:25:42 UTC] PHP Warning:  PHP Startup: Unable to load dynamic library 'php_imap.dll' (tried: C:/Users/Donnie/AppData/Local/Programs/Local/resources/extraResources/lightning-services/php-7.3.5+8/bin/win64/ext\php_imap.dll (The specified module could not be found.), C:/Users/Donnie/AppData/Local/Programs/Local/resources/extraResources/lightning-services/php-7.3.5+8/bin/win64/ext\php_php_imap.dll.dll (The specified module could not be found.)) in Unknown on line 0
[07-Nov-2020 11:25:42 UTC] PHP Warning:  PHP Startup: Unable to load dynamic library 'php_bz2.dll' (tried: C:/Users/Donnie/AppData/Local/Programs/Local/resources/extraResources/lightning-services/php-7.3.5+8/bin/win64/ext\php_bz2.dll (The specified module could not be found.), C:/Users/Donnie/AppData/Local/Programs/Local/resources/extraResources/lightning-services/php-7.3.5+8/bin/win64/ext\php_php_bz2.dll.dll (The specified module could not be found.)) in Unknown on line 0
[07-Nov-2020 11:25:42 UTC] PHP Warning:  PHP Startup: Unable to load dynamic library 'php_bz2.dll' (tried: C:/Users/Donnie/AppData/Local/Programs/Local/resources/extraResources/lightning-services/php-7.3.5+8/bin/win64/ext\php_bz2.dll (The specified module could not be found.), C:/Users/Donnie/AppData/Local/Programs/Local/resources/extraResources/lightning-services/php-7.3.5+8/bin/win64/ext\php_php_bz2.dll.dll (The specified module could not be found.)) in Unknown on line 0
[07-Nov-2020 11:25:42 UTC] PHP Warning:  PHP Startup: Unable to load dynamic library 'php_mbstring.dll' (tried: C:/Users/Donnie/AppData/Local/Programs/Local/resources/extraResources/lightning-services/php-7.3.5+8/bin/win64/ext\php_mbstring.dll (The specified module could not be found.), C:/Users/Donnie/AppData/Local/Programs/Local/resources/extraResources/lightning-services/php-7.3.5+8/bin/win64/ext\php_php_mbstring.dll.dll (The specified module could not be found.)) in Unknown on line 0
[07-Nov-2020 11:25:42 UTC] PHP Warning:  PHP Startup: Unable to load dynamic library 'php_mbstring.dll' (tried: C:/Users/Donnie/AppData/Local/Programs/Local/resources/extraResources/lightning-services/php-7.3.5+8/bin/win64/ext\php_mbstring.dll (The specified module could not be found.), C:/Users/Donnie/AppData/Local/Programs/Local/resources/extraResources/lightning-services/php-7.3.5+8/bin/win64/ext\php_php_mbstring.dll.dll (The specified module could not be found.)) in Unknown on line 0
[07-Nov-2020 11:25:42 UTC] PHP Warning:  PHP Startup: Unable to load dynamic library 'php_sodium.dll' (tried: C:/Users/Donnie/AppData/Local/Programs/Local/resources/extraResources/lightning-services/php-7.3.5+8/bin/win64/ext\php_sodium.dll (The specified module could not be found.), C:/Users/Donnie/AppData/Local/Programs/Local/resources/extraResources/lightning-services/php-7.3.5+8/bin/win64/ext\php_php_sodium.dll.dll (The specified module could not be found.)) in Unknown on line 0
[07-Nov-2020 11:25:42 UTC] PHP Warning:  PHP Startup: Unable to load dynamic library 'php_sodium.dll' (tried: C:/Users/Donnie/AppData/Local/Programs/Local/resources/extraResources/lightning-services/php-7.3.5+8/bin/win64/ext\php_sodium.dll (The specified module could not be found.), C:/Users/Donnie/AppData/Local/Programs/Local/resources/extraResources/lightning-services/php-7.3.5+8/bin/win64/ext\php_php_sodium.dll.dll (The specified module could not be found.)) in Unknown on line 0
[07-Nov-2020 11:25:42 UTC] PHP Warning:  PHP Startup: Unable to load dynamic library 'php_tidy.dll' (tried: C:/Users/Donnie/AppData/Local/Programs/Local/resources/extraResources/lightning-services/php-7.3.5+8/bin/win64/ext\php_tidy.dll (The specified module could not be found.), C:/Users/Donnie/AppData/Local/Programs/Local/resources/extraResources/lightning-services/php-7.3.5+8/bin/win64/ext\php_php_tidy.dll.dll (The specified module could not be found.)) in Unknown on line 0
[07-Nov-2020 11:25:42 UTC] PHP Warning:  PHP Startup: Unable to load dynamic library 'php_tidy.dll' (tried: C:/Users/Donnie/AppData/Local/Programs/Local/resources/extraResources/lightning-services/php-7.3.5+8/bin/win64/ext\php_tidy.dll (The specified module could not be found.), C:/Users/Donnie/AppData/Local/Programs/Local/resources/extraResources/lightning-services/php-7.3.5+8/bin/win64/ext\php_php_tidy.dll.dll (The specified module could not be found.)) in Unknown on line 0
[07-Nov-2020 11:25:42 UTC] PHP Warning:  PHP Startup: Unable to load dynamic library 'php_xsl.dll' (tried: C:/Users/Donnie/AppData/Local/Programs/Local/resources/extraResources/lightning-services/php-7.3.5+8/bin/win64/ext\php_xsl.dll (The specified module could not be found.), C:/Users/Donnie/AppData/Local/Programs/Local/resources/extraResources/lightning-services/php-7.3.5+8/bin/win64/ext\php_php_xsl.dll.dll (The specified module could not be found.)) in Unknown on line 0
[07-Nov-2020 11:25:42 UTC] PHP Warning:  PHP Startup: Unable to load dynamic library 'php_xsl.dll' (tried: C:/Users/Donnie/AppData/Local/Programs/Local/resources/extraResources/lightning-services/php-7.3.5+8/bin/win64/ext\php_xsl.dll (The specified module could not be found.), C:/Users/Donnie/AppData/Local/Programs/Local/resources/extraResources/lightning-services/php-7.3.5+8/bin/win64/ext\php_php_xsl.dll.dll (The specified module could not be found.)) in Unknown on line 0
[07-Nov-2020 11:25:42 UTC] PHP Warning:  PHP Startup: Unable to load dynamic library 'php_xmlrpc.dll' (tried: C:/Users/Donnie/AppData/Local/Programs/Local/resources/extraResources/lightning-services/php-7.3.5+8/bin/win64/ext\php_xmlrpc.dll (The specified module could not be found.), C:/Users/Donnie/AppData/Local/Programs/Local/resources/extraResources/lightning-services/php-7.3.5+8/bin/win64/ext\php_php_xmlrpc.dll.dll (The specified module could not be found.)) in Unknown on line 0
[07-Nov-2020 11:25:42 UTC] PHP Warning:  PHP Startup: Unable to load dynamic library 'php_xmlrpc.dll' (tried: C:/Users/Donnie/AppData/Local/Programs/Local/resources/extraResources/lightning-services/php-7.3.5+8/bin/win64/ext\php_xmlrpc.dll (The specified module could not be found.), C:/Users/Donnie/AppData/Local/Programs/Local/resources/extraResources/lightning-services/php-7.3.5+8/bin/win64/ext\php_php_xmlrpc.dll.dll (The specified module could not be found.)) in Unknown on line 0
[07-Nov-2020 11:25:42 UTC] PHP Warning:  PHP Startup: Unable to load dynamic library 'php_soap.dll' (tried: C:/Users/Donnie/AppData/Local/Programs/Local/resources/extraResources/lightning-services/php-7.3.5+8/bin/win64/ext\php_soap.dll (The specified module could not be found.), C:/Users/Donnie/AppData/Local/Programs/Local/resources/extraResources/lightning-services/php-7.3.5+8/bin/win64/ext\php_php_soap.dll.dll (The specified module could not be found.)) in Unknown on line 0
[07-Nov-2020 11:25:42 UTC] PHP Warning:  PHP Startup: Unable to load dynamic library 'php_soap.dll' (tried: C:/Users/Donnie/AppData/Local/Programs/Local/resources/extraResources/lightning-services/php-7.3.5+8/bin/win64/ext\php_soap.dll (The specified module could not be found.), C:/Users/Donnie/AppData/Local/Programs/Local/resources/extraResources/lightning-services/php-7.3.5+8/bin/win64/ext\php_php_soap.dll.dll (The specified module could not be found.)) in Unknown on line 0
[07-Nov-2020 11:25:42 UTC] PHP Warning:  PHP Startup: Unable to load dynamic library 'php_mysqli.dll' (tried: C:/Users/Donnie/AppData/Local/Programs/Local/resources/extraResources/lightning-services/php-7.3.5+8/bin/win64/ext\php_mysqli.dll (The specified module could not be found.), C:/Users/Donnie/AppData/Local/Programs/Local/resources/extraResources/lightning-services/php-7.3.5+8/bin/win64/ext\php_php_mysqli.dll.dll (The specified module could not be found.)) in Unknown on line 0
[07-Nov-2020 11:25:42 UTC] PHP Warning:  PHP Startup: Unable to load dynamic library 'php_mysqli.dll' (tried: C:/Users/Donnie/AppData/Local/Programs/Local/resources/extraResources/lightning-services/php-7.3.5+8/bin/win64/ext\php_mysqli.dll (The specified module could not be found.), C:/Users/Donnie/AppData/Local/Programs/Local/resources/extraResources/lightning-services/php-7.3.5+8/bin/win64/ext\php_php_mysqli.dll.dll (The specified module could not be found.)) in Unknown on line 0
[07-Nov-2020 11:25:42 UTC] PHP Warning:  PHP Startup: Unable to load dynamic library 'php_pdo_mysql.dll' (tried: C:/Users/Donnie/AppData/Local/Programs/Local/resources/extraResources/lightning-services/php-7.3.5+8/bin/win64/ext\php_pdo_mysql.dll (The specified module could not be found.), C:/Users/Donnie/AppData/Local/Programs/Local/resources/extraResources/lightning-services/php-7.3.5+8/bin/win64/ext\php_php_pdo_mysql.dll.dll (The specified module could not be found.)) in Unknown on line 0
[07-Nov-2020 11:25:42 UTC] PHP Warning:  PHP Startup: Unable to load dynamic library 'php_pdo_mysql.dll' (tried: C:/Users/Donnie/AppData/Local/Programs/Local/resources/extraResources/lightning-services/php-7.3.5+8/bin/win64/ext\php_pdo_mysql.dll (The specified module could not be found.), C:/Users/Donnie/AppData/Local/Programs/Local/resources/extraResources/lightning-services/php-7.3.5+8/bin/win64/ext\php_php_pdo_mysql.dll.dll (The specified module could not be found.)) in Unknown on line 0
[07-Nov-2020 11:25:43 UTC] PHP Fatal error:  Uncaught Error: Call to undefined function mysql_connect() in C:\Users\Donnie\Local Sites\slutty-urbanism\app\public\wp-includes\wp-db.php:1670
Stack trace:
#0 C:\Users\Donnie\Local Sites\slutty-urbanism\app\public\wp-includes\wp-db.php(632): wpdb->db_connect()
#1 C:\Users\Donnie\Local Sites\slutty-urbanism\app\public\wp-includes\load.php(482): wpdb->__construct('root', 'root', 'local', 'localhost')
#2 C:\Users\Donnie\Local Sites\slutty-urbanism\app\public\wp-settings.php(124): require_wp_db()
#3 phar://C:/Users/Donnie/AppData/Local/Programs/Local/resources/extraResources/bin/wp-cli/wp-cli.phar/vendor/wp-cli/wp-cli/php/WP_CLI/Runner.php(1237): require('C:\\Users\\Donnie...')
#4 phar://C:/Users/Donnie/AppData/Local/Programs/Local/resources/extraResources/bin/wp-cli/wp-cli.phar/vendor/wp-cli/wp-cli/php/WP_CLI/Runner.php(1158): WP_CLI\Runner->load_wordpress()
#5 phar://C:/Users/Donnie/AppData/Local/Programs/Local/resources/extraResources/bin/wp-cli/wp-cli.phar/vendor/wp-cli/wp-cli/php/WP_CLI/Bootstrap/LaunchRunn in C:\Users\Donnie\Local Sites\slutty-urbanism\app\public\wp-includes\wp-db.php on line 1670
[16-Nov-2020 11:45:40 UTC] PHP Parse error:  syntax error, unexpected ')' in C:\Users\Donnie\Local Sites\slutty-urbanism\app\public\wp-content\themes\slutty-urbanism\template-parts\content.php on line 20
[16-Nov-2020 11:46:07 UTC] PHP Fatal error:  Uncaught Error: Call to undefined function cyanotype_entry_date() in C:\Users\Donnie\Local Sites\slutty-urbanism\app\public\wp-content\themes\slutty-urbanism\template-parts\content.php:17
Stack trace:
#0 C:\Users\Donnie\Local Sites\slutty-urbanism\app\public\wp-includes\template.php(732): require()
#1 C:\Users\Donnie\Local Sites\slutty-urbanism\app\public\wp-includes\template.php(676): load_template('C:\\Users\\Donnie...', false, Array)
#2 C:\Users\Donnie\Local Sites\slutty-urbanism\app\public\wp-includes\general-template.php(204): locate_template(Array, true, false, Array)
#3 C:\Users\Donnie\Local Sites\slutty-urbanism\app\public\wp-content\themes\slutty-urbanism\index.php(40): get_template_part('template-parts/...', 'post')
#4 C:\Users\Donnie\Local Sites\slutty-urbanism\app\public\wp-includes\template-loader.php(106): include('C:\\Users\\Donnie...')
#5 C:\Users\Donnie\Local Sites\slutty-urbanism\app\public\wp-blog-header.php(19): require_once('C:\\Users\\Donnie...')
#6 C:\Users\Donnie\Local Sites\slutty-urb in C:\Users\Donnie\Local Sites\slutty-urbanism\app\public\wp-content\themes\slutty-urbanism\template-parts\content.php on line 17
[16-Nov-2020 11:46:42 UTC] PHP Fatal error:  Uncaught Error: Call to undefined function cyanotype_entry_date() in C:\Users\Donnie\Local Sites\slutty-urbanism\app\public\wp-content\themes\slutty-urbanism\template-parts\content.php:17
Stack trace:
#0 C:\Users\Donnie\Local Sites\slutty-urbanism\app\public\wp-includes\template.php(732): require()
#1 C:\Users\Donnie\Local Sites\slutty-urbanism\app\public\wp-includes\template.php(676): load_template('C:\\Users\\Donnie...', false, Array)
#2 C:\Users\Donnie\Local Sites\slutty-urbanism\app\public\wp-includes\general-template.php(204): locate_template(Array, true, false, Array)
#3 C:\Users\Donnie\Local Sites\slutty-urbanism\app\public\wp-content\themes\slutty-urbanism\index.php(40): get_template_part('template-parts/...', 'post')
#4 C:\Users\Donnie\Local Sites\slutty-urbanism\app\public\wp-includes\template-loader.php(106): include('C:\\Users\\Donnie...')
#5 C:\Users\Donnie\Local Sites\slutty-urbanism\app\public\wp-blog-header.php(19): require_once('C:\\Users\\Donnie...')
#6 C:\Users\Donnie\Local Sites\slutty-urb in C:\Users\Donnie\Local Sites\slutty-urbanism\app\public\wp-content\themes\slutty-urbanism\template-parts\content.php on line 17
[18-Nov-2020 18:23:01 UTC] PHP Parse error:  syntax error, unexpected '<', expecting end of file in C:\Users\Donnie\Local Sites\slutty-urbanism\app\public\wp-content\themes\slutty-urbanism\header.php on line 44
[18-Nov-2020 18:23:03 UTC] PHP Parse error:  syntax error, unexpected '<', expecting end of file in C:\Users\Donnie\Local Sites\slutty-urbanism\app\public\wp-content\themes\slutty-urbanism\header.php on line 44
[18-Nov-2020 18:26:40 UTC] PHP Parse error:  syntax error, unexpected end of file in C:\Users\Donnie\Local Sites\slutty-urbanism\app\public\wp-content\themes\slutty-urbanism\header.php on line 64
[18-Nov-2020 18:26:42 UTC] PHP Parse error:  syntax error, unexpected end of file in C:\Users\Donnie\Local Sites\slutty-urbanism\app\public\wp-content\themes\slutty-urbanism\header.php on line 64
[19-Nov-2020 12:32:07 UTC] PHP Parse error:  syntax error, unexpected '.0' (T_DNUMBER), expecting ')' in C:\Users\Donnie\Local Sites\slutty-urbanism\app\public\wp-content\themes\slutty-urbanism\functions.php on line 144
[19-Nov-2020 12:32:53 UTC] PHP Parse error:  syntax error, unexpected '.0' (T_DNUMBER), expecting ')' in C:\Users\Donnie\Local Sites\slutty-urbanism\app\public\wp-content\themes\slutty-urbanism\functions.php on line 144
[19-Nov-2020 12:32:55 UTC] PHP Parse error:  syntax error, unexpected '.0' (T_DNUMBER), expecting ')' in C:\Users\Donnie\Local Sites\slutty-urbanism\app\public\wp-content\themes\slutty-urbanism\functions.php on line 144
[09-Dec-2020 15:46:00 UTC] PHP Warning:  An unexpected error occurred. Something may be wrong with WordPress.org or this server&#8217;s configuration. If you continue to have problems, please try the <a href="https://wordpress.org/support/forums/">support forums</a>. (WordPress could not establish a secure connection to WordPress.org. Please contact your server administrator.) in C:\Users\Donnie\Local Sites\slutty-urbanism\app\public\wp-admin\includes\translation-install.php on line 68
[09-Dec-2020 15:46:00 UTC] PHP Stack trace:
[09-Dec-2020 15:46:00 UTC] PHP   1. {main}() C:\Users\Donnie\Local Sites\slutty-urbanism\app\public\wp-admin\options-general.php:0
[09-Dec-2020 15:46:00 UTC] PHP   2. wp_get_available_translations() C:\Users\Donnie\Local Sites\slutty-urbanism\app\public\wp-admin\options-general.php:159
[09-Dec-2020 15:46:00 UTC] PHP   3. translations_api() C:\Users\Donnie\Local Sites\slutty-urbanism\app\public\wp-admin\includes\translation-install.php:133
[09-Dec-2020 15:46:00 UTC] PHP   4. trigger_error() C:\Users\Donnie\Local Sites\slutty-urbanism\app\public\wp-admin\includes\translation-install.php:68
[09-Dec-2020 15:46:58 UTC] PHP Warning:  An unexpected error occurred. Something may be wrong with WordPress.org or this server&#8217;s configuration. If you continue to have problems, please try the <a href="https://wordpress.org/support/forums/">support forums</a>. (WordPress could not establish a secure connection to WordPress.org. Please contact your server administrator.) in C:\Users\Donnie\Local Sites\slutty-urbanism\app\public\wp-admin\includes\translation-install.php on line 68
[09-Dec-2020 15:46:58 UTC] PHP Stack trace:
[09-Dec-2020 15:46:58 UTC] PHP   1. {main}() C:\Users\Donnie\Local Sites\slutty-urbanism\app\public\wp-admin\options-general.php:0
[09-Dec-2020 15:46:58 UTC] PHP   2. wp_get_available_translations() C:\Users\Donnie\Local Sites\slutty-urbanism\app\public\wp-admin\options-general.php:159
[09-Dec-2020 15:46:58 UTC] PHP   3. translations_api() C:\Users\Donnie\Local Sites\slutty-urbanism\app\public\wp-admin\includes\translation-install.php:133
[09-Dec-2020 15:46:58 UTC] PHP   4. trigger_error() C:\Users\Donnie\Local Sites\slutty-urbanism\app\public\wp-admin\includes\translation-install.php:68
[19-Feb-2021 11:46:36 UTC] PHP Parse error:  syntax error, unexpected ')' in C:\Users\Donnie\Local Sites\slutty-urbanism-reup\app\public\wp-content\themes\slutty-urbanism\template-parts\content-page.php on line 27
[19-Feb-2021 11:48:53 UTC] PHP Parse error:  syntax error, unexpected ')' in C:\Users\Donnie\Local Sites\slutty-urbanism-reup\app\public\wp-content\themes\slutty-urbanism\template-parts\content-page.php on line 27
[19-Feb-2021 11:50:10 UTC] PHP Parse error:  syntax error, unexpected ';', expecting ')' in C:\Users\Donnie\Local Sites\slutty-urbanism-reup\app\public\wp-content\themes\slutty-urbanism\template-parts\content-page.php on line 27
[19-Feb-2021 11:51:02 UTC] PHP Parse error:  syntax error, unexpected ';', expecting ')' in C:\Users\Donnie\Local Sites\slutty-urbanism-reup\app\public\wp-content\themes\slutty-urbanism\template-parts\content-page.php on line 27
